===========================================
-------------Date Wed May  7 03:11:04 MSK 2025------------------
-------------Mem info------------------
MiB Mem :   1817.2 total,   1567.3 free,    131.2 used,    118.6 buff/cache
MiB Swap:    820.0 total,    738.9 free,     81.1 used.   1552.7 avail Mem 
-------------Proc info------------------
   3766 root      20   0  270960  51596   3012 R  88.2   2.8   0:00.31 mem.bash
-------------Top 5 proc info------------------
    PID USER      PR  NI    VIRT    RES    SHR S  %CPU  %MEM     TIME+ COMMAND
   3766 root      20   0  295380  75884   3012 R  87.5   4.1   0:00.47 mem.bash
      1 root      20   0  175048   7452   4792 S   0.0   0.4   0:01.16 systemd
      2 root      20   0       0      0      0 S   0.0   0.0   0:00.01 kthreadd
      3 root       0 -20       0      0      0 I   0.0   0.0   0:00.00 rcu_gp
      4 root       0 -20       0      0      0 I   0.0   0.0   0:00.00 rcu_par_gp
===========================================
-------------Date Wed May  7 03:11:06 MSK 2025------------------
-------------Mem info------------------
MiB Mem :   1817.2 total,   1349.8 free,    348.8 used,    118.6 buff/cache
MiB Swap:    820.0 total,    738.9 free,     81.1 used.   1335.2 avail Mem 
-------------Proc info------------------
   3766 root      20   0  494964 275732   3012 R  93.8  14.8   0:01.78 mem.bash
-------------Top 5 proc info------------------
    PID USER      PR  NI    VIRT    RES    SHR S  %CPU  %MEM     TIME+ COMMAND
   3766 root      20   0  522684 303188   3012 R  93.8  16.3   0:01.96 mem.bash
      1 root      20   0  175048   7452   4792 S   0.0   0.4   0:01.16 systemd
      2 root      20   0       0      0      0 S   0.0   0.0   0:00.01 kthreadd
      3 root       0 -20       0      0      0 I   0.0   0.0   0:00.00 rcu_gp
      4 root       0 -20       0      0      0 I   0.0   0.0   0:00.00 rcu_par_gp
===========================================
-------------Date Wed May  7 03:11:08 MSK 2025------------------
-------------Mem info------------------
MiB Mem :   1817.2 total,   1125.2 free,    573.3 used,    118.6 buff/cache
MiB Swap:    820.0 total,    738.9 free,     81.1 used.   1110.7 avail Mem 
-------------Proc info------------------
   3766 root      20   0  721080 501716   3012 R  93.3  27.0   0:03.25 mem.bash
-------------Top 5 proc info------------------
    PID USER      PR  NI    VIRT    RES    SHR S  %CPU  %MEM     TIME+ COMMAND
   3766 root      20   0  748668 529436   3012 R  87.5  28.5   0:03.44 mem.bash
      1 root      20   0  175048   7452   4792 S   0.0   0.4   0:01.16 systemd
      2 root      20   0       0      0      0 S   0.0   0.0   0:00.01 kthreadd
      3 root       0 -20       0      0      0 I   0.0   0.0   0:00.00 rcu_gp
      4 root       0 -20       0      0      0 I   0.0   0.0   0:00.00 rcu_par_gp
===========================================
-------------Date Wed May  7 03:11:09 MSK 2025------------------
-------------Mem info------------------
MiB Mem :   1817.2 total,    910.4 free,    788.1 used,    118.6 buff/cache
MiB Swap:    820.0 total,    738.9 free,     81.1 used.    895.8 avail Mem 
-------------Proc info------------------
   3766 root      20   0  940728 721364   3012 R  93.3  38.8   0:04.70 mem.bash
-------------Top 5 proc info------------------
    PID USER      PR  NI    VIRT    RES    SHR S  %CPU  %MEM     TIME+ COMMAND
   3766 root      20   0  968184 748820   3012 R  87.5  40.2   0:04.89 mem.bash
      1 root      20   0  175048   7452   4792 S   0.0   0.4   0:01.16 systemd
      2 root      20   0       0      0      0 S   0.0   0.0   0:00.01 kthreadd
      3 root       0 -20       0      0      0 I   0.0   0.0   0:00.00 rcu_gp
      4 root       0 -20       0      0      0 I   0.0   0.0   0:00.00 rcu_par_gp
===========================================
-------------Date Wed May  7 03:11:11 MSK 2025------------------
-------------Mem info------------------
MiB Mem :   1817.2 total,    694.5 free,   1004.0 used,    118.6 buff/cache
MiB Swap:    820.0 total,    738.9 free,     81.1 used.    679.9 avail Mem 
-------------Proc info------------------
   3766 root      20   0 1160772 941276   3012 R  93.3  50.6   0:06.16 mem.bash
-------------Top 5 proc info------------------
    PID USER      PR  NI    VIRT    RES    SHR S  %CPU  %MEM     TIME+ COMMAND
   3766 root      20   0 1187304 967940   3012 R  87.5  52.0   0:06.34 mem.bash
      1 root      20   0  175048   7452   4792 S   0.0   0.4   0:01.16 systemd
      2 root      20   0       0      0      0 S   0.0   0.0   0:00.01 kthreadd
      3 root       0 -20       0      0      0 I   0.0   0.0   0:00.00 rcu_gp
      4 root       0 -20       0      0      0 I   0.0   0.0   0:00.00 rcu_par_gp
===========================================
-------------Date Wed May  7 03:11:12 MSK 2025------------------
-------------Mem info------------------
MiB Mem :   1817.2 total,    490.6 free,   1207.9 used,    118.7 buff/cache
MiB Swap:    820.0 total,    738.9 free,     81.1 used.    476.0 avail Mem 
-------------Proc info------------------
   3766 root      20   0 1373556   1.1g   3012 R  94.1  62.0   0:07.63 mem.bash
-------------Top 5 proc info------------------
    PID USER      PR  NI    VIRT    RES    SHR S  %CPU  %MEM     TIME+ COMMAND
   3766 root      20   0 1399164   1.1g   3012 R  88.2  63.4   0:07.80 mem.bash
      1 root      20   0  175048   7452   4792 S   0.0   0.4   0:01.16 systemd
      2 root      20   0       0      0      0 S   0.0   0.0   0:00.01 kthreadd
      3 root       0 -20       0      0      0 I   0.0   0.0   0:00.00 rcu_gp
      4 root       0 -20       0      0      0 I   0.0   0.0   0:00.00 rcu_par_gp
===========================================
-------------Date Wed May  7 03:11:14 MSK 2025------------------
-------------Mem info------------------
MiB Mem :   1817.2 total,    270.2 free,   1428.3 used,    118.7 buff/cache
MiB Swap:    820.0 total,    738.9 free,     81.1 used.    255.6 avail Mem 
-------------Proc info------------------
   3766 root      20   0 1596504   1.3g   3012 R  88.2  74.0   0:09.10 mem.bash
-------------Top 5 proc info------------------
    PID USER      PR  NI    VIRT    RES    SHR S  %CPU  %MEM     TIME+ COMMAND
   3766 root      20   0 1621320   1.3g   3012 R  93.3  75.3   0:09.26 mem.bash
      1 root      20   0  175048   7452   4792 S   0.0   0.4   0:01.16 systemd
      2 root      20   0       0      0      0 S   0.0   0.0   0:00.01 kthreadd
      3 root       0 -20       0      0      0 I   0.0   0.0   0:00.00 rcu_gp
      4 root       0 -20       0      0      0 I   0.0   0.0   0:00.00 rcu_par_gp
===========================================
-------------Date Wed May  7 03:11:16 MSK 2025------------------
-------------Mem info------------------
MiB Mem :   1817.2 total,     74.9 free,   1641.3 used,    101.0 buff/cache
MiB Swap:    820.0 total,    737.7 free,     82.3 used.     51.4 avail Mem 
-------------Proc info------------------
   3766 root      20   0 2002008   1.5g    796 R  77.6  87.3   0:11.76 mem.bash
-------------Top 5 proc info------------------
    PID USER      PR  NI    VIRT    RES    SHR S  %CPU  %MEM     TIME+ COMMAND
   3766 root      20   0 2167932   1.6g   1960 R  70.6  87.4   0:12.85 mem.bash
     55 root      20   0       0      0      0 S   5.9   0.0   0:13.95 kswapd0
      1 root      20   0  175048   3304    644 S   0.0   0.2   0:01.16 systemd
      2 root      20   0       0      0      0 S   0.0   0.0   0:00.01 kthreadd
      3 root       0 -20       0      0      0 I   0.0   0.0   0:00.00 rcu_gp
===========================================
-------------Date Wed May  7 03:11:20 MSK 2025------------------
-------------Mem info------------------
MiB Mem :   1817.2 total,     69.0 free,   1704.2 used,     44.1 buff/cache
MiB Swap:    820.0 total,    225.7 free,    594.3 used.     17.1 avail Mem 
-------------Proc info------------------
   3766 root      20   0 2393388   1.6g   1960 R  68.8  87.9   0:14.34 mem.bash
-------------Top 5 proc info------------------
    PID USER      PR  NI    VIRT    RES    SHR S  %CPU  %MEM     TIME+ COMMAND
   3766 root      20   0 2424408   1.6g   1960 R  62.5  87.6   0:14.54 mem.bash
     55 root      20   0       0      0      0 R   6.2   0.0   0:14.15 kswapd0
      1 root      20   0  175048   3064    528 S   0.0   0.2   0:01.16 systemd
      2 root      20   0       0      0      0 S   0.0   0.0   0:00.01 kthreadd
      3 root       0 -20       0      0      0 I   0.0   0.0   0:00.00 rcu_gp
===========================================
-------------Date Wed May  7 03:11:22 MSK 2025------------------
-------------Mem info------------------
MiB Mem :   1817.2 total,     77.6 free,   1699.3 used,     40.3 buff/cache
MiB Swap:    820.0 total,      6.3 free,    813.7 used.     23.8 avail Mem 
-------------Proc info------------------
   3766 root      20   0 2608284   1.6g   1776 R  82.4  88.0   0:15.79 mem.bash
-------------Top 5 proc info------------------
    PID USER      PR  NI    VIRT    RES    SHR S  %CPU  %MEM     TIME+ COMMAND
      1 root      20   0  175048   2304      4 S   0.0   0.1   0:01.16 systemd
      2 root      20   0       0      0      0 S   0.0   0.0   0:00.01 kthreadd
      3 root       0 -20       0      0      0 I   0.0   0.0   0:00.00 rcu_gp
      4 root       0 -20       0      0      0 I   0.0   0.0   0:00.00 rcu_par_gp
      6 root       0 -20       0      0      0 I   0.0   0.0   0:00.00 kworker/0:0H-events_highpri
--------------DMESG-----------------
[13444.396690] Out of memory: Killed process 3766 (mem.bash) total-vm:2633232kB, anon-rss:1660912kB, file-rss:0kB, shmem-rss:0kB, UID:0 pgtables:4796kB oom_score_adj:0
[13444.457948] oom_reaper: reaped process 3766 (mem.bash), now anon-rss:0kB, file-rss:0kB, shmem-rss:0kB
-------------REPORT LOG-------------
Counter = 3000000. Size = 30000000
